\BOOKMARK [1][-]{section.0.1}{Python Tkiner}{}% 1
\BOOKMARK [1][-]{section.0.2}{Python tkinter.ttk}{}% 2
\BOOKMARK [2][-]{subsection.0.2.1}{Button}{section.0.2}% 3
\BOOKMARK [2][-]{subsection.0.2.2}{Checkbox}{section.0.2}% 4
\BOOKMARK [2][-]{subsection.0.2.3}{Entry}{section.0.2}% 5
\BOOKMARK [2][-]{subsection.0.2.4}{Frame}{section.0.2}% 6
\BOOKMARK [2][-]{subsection.0.2.5}{Label}{section.0.2}% 7
\BOOKMARK [2][-]{subsection.0.2.6}{LabelFrame}{section.0.2}% 8
\BOOKMARK [2][-]{subsection.0.2.7}{MenuButton}{section.0.2}% 9
\BOOKMARK [2][-]{subsection.0.2.8}{PanedWindow}{section.0.2}% 10
\BOOKMARK [2][-]{subsection.0.2.9}{Radiobutton}{section.0.2}% 11
\BOOKMARK [2][-]{subsection.0.2.10}{Checkbox}{section.0.2}% 12
\BOOKMARK [2][-]{subsection.0.2.11}{Scale}{section.0.2}% 13
\BOOKMARK [2][-]{subsection.0.2.12}{Scrollbar}{section.0.2}% 14
\BOOKMARK [2][-]{subsection.0.2.13}{Spinbox}{section.0.2}% 15
\BOOKMARK [2][-]{subsection.0.2.14}{Combobox}{section.0.2}% 16
\BOOKMARK [2][-]{subsection.0.2.15}{Notebook}{section.0.2}% 17
\BOOKMARK [2][-]{subsection.0.2.16}{Progressbar}{section.0.2}% 18
\BOOKMARK [2][-]{subsection.0.2.17}{Separator}{section.0.2}% 19
\BOOKMARK [2][-]{subsection.0.2.18}{Sizegrip}{section.0.2}% 20
\BOOKMARK [2][-]{subsection.0.2.19}{Treeview}{section.0.2}% 21
